2024-10-02 18:51:07 [info]: This is an info message
2024-10-02 18:51:07 [warn]: This is a warning message
2024-10-02 18:51:07 [error]: This is an error message
2024-10-02 18:51:07 [info]: Datenbank wird initialisiert
2024-10-02 18:51:07 [info]: Server läuft auf http://localhost:5000
2024-10-02 18:51:07 [info]: Tabelle todos erfolgreich erstellt
2024-10-02 18:51:07 [info]: Testdaten erfolgreich eingefügt
2024-10-02 18:51:10 [info]: Incoming request: GET /todos
2024-10-02 18:51:10 [info]: Todos erfolgreich abgerufen
2024-10-02 18:51:10 [info]: Incoming request: GET /todos
2024-10-02 18:51:10 [info]: Todos erfolgreich abgerufen
2024-10-02 18:52:42 [info]: Incoming request: GET /todos
2024-10-02 18:52:42 [info]: Todos erfolgreich abgerufen
2024-10-02 18:53:25 [info]: This is an info message
2024-10-02 18:53:25 [warn]: This is a warning message
2024-10-02 18:53:25 [error]: This is an error message
2024-10-02 18:53:25 [info]: Datenbank wird initialisiert
2024-10-02 18:53:25 [info]: Server läuft auf http://localhost:5000
2024-10-02 18:53:25 [info]: Tabelle todos erfolgreich erstellt
2024-10-02 18:53:25 [info]: Testdaten erfolgreich eingefügt
2024-10-02 18:59:05 [info]: Incoming request: GET /todos
2024-10-02 18:59:05 [info]: Todos erfolgreich abgerufen
2024-10-02 18:59:05 [info]: Incoming request: GET /todos
2024-10-02 18:59:05 [info]: Todos erfolgreich abgerufen
2024-10-02 18:59:09 [info]: Incoming request: PUT /todos/1
2024-10-02 18:59:09 [info]: Todo mit ID 1 erfolgreich aktualisiert
2024-10-02 18:59:09 [info]: Incoming request: GET /todos
2024-10-02 18:59:09 [info]: Todos erfolgreich abgerufen
2024-10-02 18:59:11 [info]: Incoming request: DELETE /todos/1
2024-10-02 18:59:11 [info]: Todo mit ID 1 erfolgreich gelöscht
2024-10-02 18:59:11 [info]: Incoming request: GET /todos
2024-10-02 18:59:11 [info]: Todos erfolgreich abgerufen
2024-10-02 18:59:45 [info]: Incoming request: PUT /todos/2
2024-10-02 18:59:45 [info]: Todo mit ID 2 erfolgreich aktualisiert
2024-10-02 18:59:45 [info]: Incoming request: GET /todos
2024-10-02 18:59:45 [info]: Todos erfolgreich abgerufen
2024-10-02 18:59:54 [info]: Incoming request: DELETE /todos/2
2024-10-02 18:59:54 [info]: Todo mit ID 2 erfolgreich gelöscht
2024-10-02 18:59:54 [info]: Incoming request: GET /todos
2024-10-02 18:59:54 [info]: Todos erfolgreich abgerufen
2024-10-02 19:00:09 [info]: Incoming request: POST /todos
2024-10-02 19:00:09 [info]: Neues Todo erfolgreich erstellt
2024-10-02 19:00:14 [info]: Incoming request: GET /todos
2024-10-02 19:00:14 [info]: Todos erfolgreich abgerufen
2024-10-02 19:00:14 [info]: Incoming request: GET /todos
2024-10-02 19:00:14 [info]: Todos erfolgreich abgerufen
2024-10-02 19:01:30 [info]: Incoming request: PUT /todos/3
2024-10-02 19:01:30 [info]: Todo mit ID 3 erfolgreich aktualisiert
2024-10-02 19:01:35 [info]: Incoming request: DELETE /todos/1
2024-10-02 19:01:35 [warn]: Todo mit ID 1 nicht gefunden
2024-10-02 19:01:41 [info]: Incoming request: DELETE /todos/2
2024-10-02 19:01:41 [warn]: Todo mit ID 2 nicht gefunden
2024-10-02 19:01:46 [info]: Incoming request: DELETE /todos/0
2024-10-02 19:01:46 [warn]: Todo mit ID 0 nicht gefunden
2024-10-02 19:01:51 [info]: Incoming request: GET /todos
2024-10-02 19:01:51 [info]: Todos erfolgreich abgerufen
2024-10-02 19:01:51 [info]: Incoming request: GET /todos
2024-10-02 19:01:51 [info]: Todos erfolgreich abgerufen
2024-10-02 19:02:00 [info]: Incoming request: DELETE /todos/4
2024-10-02 19:02:00 [info]: Todo mit ID 4 erfolgreich gelöscht
2024-10-02 19:02:04 [info]: Incoming request: GET /todos
2024-10-02 19:02:04 [info]: Todos erfolgreich abgerufen
2024-10-02 19:02:04 [info]: Incoming request: GET /todos
2024-10-02 19:02:04 [info]: Todos erfolgreich abgerufen
2024-10-02 19:04:21 [info]: Incoming request: GET /todos
2024-10-02 19:04:21 [info]: Todos erfolgreich abgerufen
2024-10-02 19:04:21 [info]: Incoming request: POST /todos
2024-10-02 19:04:21 [info]: Neues Todo erfolgreich erstellt
2024-10-02 19:04:21 [info]: Incoming request: POST /todos
2024-10-02 19:04:21 [warn]: Versuch, ein Todo ohne Text zu erstellen
2024-10-02 19:04:21 [info]: Incoming request: GET /todos/1
2024-10-02 19:04:21 [info]: Incoming request: GET /todos/99
2024-10-02 19:04:21 [info]: Incoming request: PUT /todos/3
2024-10-02 19:04:21 [info]: Todo mit ID 3 erfolgreich aktualisiert
2024-10-02 19:04:21 [info]: Incoming request: PUT /todos/3
2024-10-02 19:04:21 [warn]: Versuch, ein Todo ohne Text zu aktualisieren
2024-10-02 19:04:21 [info]: Incoming request: DELETE /todos/1
2024-10-02 19:04:21 [warn]: Todo mit ID 1 nicht gefunden
2024-10-02 19:04:21 [info]: Incoming request: DELETE /todos/99
2024-10-02 19:04:21 [warn]: Todo mit ID 99 nicht gefunden
2024-10-02 19:06:25 [info]: This is an info message
2024-10-02 19:06:25 [warn]: This is a warning message
2024-10-02 19:06:25 [error]: This is an error message
2024-10-02 19:06:25 [info]: Datenbank wird initialisiert
2024-10-02 19:06:25 [info]: Server läuft auf http://localhost:5000
2024-10-02 19:06:25 [info]: Tabelle todos erfolgreich erstellt
2024-10-02 19:06:25 [info]: Testdaten erfolgreich eingefügt
2024-10-02 19:07:16 [info]: This is an info message
2024-10-02 19:07:16 [warn]: This is a warning message
2024-10-02 19:07:16 [error]: This is an error message
2024-10-02 19:07:16 [info]: Datenbank wird initialisiert
2024-10-02 19:07:16 [info]: Server läuft auf http://localhost:5000
2024-10-02 19:07:16 [info]: Tabelle todos erfolgreich erstellt
2024-10-02 19:07:16 [info]: Testdaten erfolgreich eingefügt
2024-10-02 19:07:16 [info]: Incoming request: GET /todos
2024-10-02 19:07:16 [info]: Todos erfolgreich abgerufen
2024-10-02 19:07:16 [info]: Incoming request: GET /todos/1
2024-10-02 19:07:16 [info]: Incoming request: GET /todos/999
2024-10-02 19:07:16 [info]: Incoming request: POST /todos
2024-10-02 19:07:16 [info]: Neues Todo erfolgreich erstellt
2024-10-02 19:07:16 [info]: Incoming request: POST /todos
2024-10-02 19:07:16 [warn]: Versuch, ein Todo ohne Text zu erstellen
2024-10-02 19:07:16 [info]: Incoming request: PUT /todos/1
2024-10-02 19:07:16 [info]: Todo mit ID 1 erfolgreich aktualisiert
2024-10-02 19:07:16 [info]: Incoming request: DELETE /todos/1
2024-10-02 19:07:16 [info]: Todo mit ID 1 erfolgreich gelöscht
2024-10-02 19:07:16 [info]: Incoming request: DELETE /todos/999
2024-10-02 19:07:16 [warn]: Todo mit ID 999 nicht gefunden
2024-10-02 19:07:30 [info]: This is an info message
2024-10-02 19:07:30 [warn]: This is a warning message
2024-10-02 19:07:30 [error]: This is an error message
2024-10-02 19:07:30 [info]: Datenbank wird initialisiert
2024-10-02 19:07:30 [info]: Server läuft auf http://localhost:5000
2024-10-02 19:07:30 [info]: Tabelle todos erfolgreich erstellt
2024-10-02 19:07:30 [info]: Testdaten erfolgreich eingefügt
2024-10-02 19:07:30 [info]: Incoming request: GET /todos
2024-10-02 19:07:30 [info]: Todos erfolgreich abgerufen
2024-10-02 19:07:30 [info]: Incoming request: GET /todos/1
2024-10-02 19:07:30 [info]: Incoming request: GET /todos/999
2024-10-02 19:07:30 [info]: Incoming request: POST /todos
2024-10-02 19:07:30 [info]: Neues Todo erfolgreich erstellt
2024-10-02 19:07:30 [info]: Incoming request: POST /todos
2024-10-02 19:07:30 [warn]: Versuch, ein Todo ohne Text zu erstellen
2024-10-02 19:07:30 [info]: Incoming request: PUT /todos/1
2024-10-02 19:07:30 [info]: Todo mit ID 1 erfolgreich aktualisiert
2024-10-02 19:07:30 [info]: Incoming request: DELETE /todos/1
2024-10-02 19:07:30 [info]: Todo mit ID 1 erfolgreich gelöscht
2024-10-02 19:07:30 [info]: Incoming request: DELETE /todos/999
2024-10-02 19:07:30 [warn]: Todo mit ID 999 nicht gefunden
2024-10-02 19:07:35 [info]: This is an info message
2024-10-02 19:07:35 [warn]: This is a warning message
2024-10-02 19:07:35 [error]: This is an error message
2024-10-02 19:07:35 [info]: Datenbank wird initialisiert
2024-10-02 19:07:35 [info]: Server läuft auf http://localhost:5000
2024-10-02 19:07:35 [info]: Tabelle todos erfolgreich erstellt
2024-10-02 19:07:35 [info]: Testdaten erfolgreich eingefügt
2024-10-02 19:07:41 [info]: This is an info message
2024-10-02 19:07:41 [warn]: This is a warning message
2024-10-02 19:07:41 [error]: This is an error message
2024-10-02 19:07:41 [info]: Datenbank wird initialisiert
2024-10-02 19:07:41 [info]: Tabelle todos erfolgreich erstellt
2024-10-02 19:07:41 [info]: Testdaten erfolgreich eingefügt
2024-10-02 19:07:41 [info]: Incoming request: GET /todos
2024-10-02 19:07:41 [info]: Todos erfolgreich abgerufen
2024-10-02 19:07:41 [info]: Incoming request: GET /todos/1
2024-10-02 19:07:41 [info]: Incoming request: GET /todos/999
2024-10-02 19:07:41 [info]: Incoming request: POST /todos
2024-10-02 19:07:41 [info]: Neues Todo erfolgreich erstellt
2024-10-02 19:07:41 [info]: Incoming request: POST /todos
2024-10-02 19:07:41 [warn]: Versuch, ein Todo ohne Text zu erstellen
2024-10-02 19:07:41 [info]: Incoming request: PUT /todos/1
2024-10-02 19:07:41 [info]: Todo mit ID 1 erfolgreich aktualisiert
2024-10-02 19:07:41 [info]: Incoming request: DELETE /todos/1
2024-10-02 19:07:41 [info]: Todo mit ID 1 erfolgreich gelöscht
2024-10-02 19:07:41 [info]: Incoming request: DELETE /todos/999
2024-10-02 19:07:41 [warn]: Todo mit ID 999 nicht gefunden
2024-10-02 19:09:24 [info]: Incoming request: GET /todos
2024-10-02 19:09:24 [info]: Todos erfolgreich abgerufen
2024-10-02 19:09:24 [info]: Incoming request: GET /todos
2024-10-02 19:09:24 [info]: Todos erfolgreich abgerufen
2024-10-02 19:09:33 [info]: Incoming request: GET /todos/1
2024-10-02 19:09:38 [info]: Incoming request: GET /todos/1
2024-10-02 19:09:45 [info]: Incoming request: GET /todos/1
2024-10-02 19:10:08 [info]: This is an info message
2024-10-02 19:10:08 [warn]: This is a warning message
2024-10-02 19:10:08 [error]: This is an error message
2024-10-02 19:10:08 [info]: Datenbank wird initialisiert
2024-10-02 19:10:08 [info]: Server läuft auf http://localhost:5000
2024-10-02 19:10:08 [info]: Tabelle todos erfolgreich erstellt
2024-10-02 19:10:08 [info]: Testdaten erfolgreich eingefügt
2024-10-02 19:10:12 [info]: Incoming request: GET /todos/1
2024-10-02 19:10:21 [info]: Incoming request: GET /todos
2024-10-02 19:10:21 [info]: Todos erfolgreich abgerufen
2024-10-02 19:10:28 [info]: This is an info message
2024-10-02 19:10:28 [warn]: This is a warning message
2024-10-02 19:10:28 [error]: This is an error message
2024-10-02 19:10:28 [info]: Datenbank wird initialisiert
2024-10-02 19:10:28 [info]: Server läuft auf http://localhost:5000
2024-10-02 19:10:28 [info]: Tabelle todos erfolgreich erstellt
2024-10-02 19:10:28 [info]: Testdaten erfolgreich eingefügt
2024-10-02 19:10:37 [info]: This is an info message
2024-10-02 19:10:37 [warn]: This is a warning message
2024-10-02 19:10:37 [error]: This is an error message
2024-10-02 19:10:37 [info]: Datenbank wird initialisiert
2024-10-02 19:10:37 [info]: Tabelle todos erfolgreich erstellt
2024-10-02 19:10:37 [info]: Testdaten erfolgreich eingefügt
2024-10-02 19:10:37 [info]: Incoming request: GET /todos
2024-10-02 19:10:37 [info]: Todos erfolgreich abgerufen
2024-10-02 19:10:37 [info]: Incoming request: GET /todos/999
2024-10-02 19:10:37 [info]: Incoming request: POST /todos
2024-10-02 19:10:37 [info]: Neues Todo erfolgreich erstellt
2024-10-02 19:10:37 [info]: Incoming request: POST /todos
2024-10-02 19:10:37 [warn]: Versuch, ein Todo ohne Text zu erstellen
2024-10-02 19:10:37 [info]: Incoming request: PUT /todos/1
2024-10-02 19:10:37 [info]: Todo mit ID 1 erfolgreich aktualisiert
2024-10-02 19:10:37 [info]: Incoming request: DELETE /todos/1
2024-10-02 19:10:37 [info]: Todo mit ID 1 erfolgreich gelöscht
2024-10-02 19:10:37 [info]: Incoming request: DELETE /todos/999
2024-10-02 19:10:37 [warn]: Todo mit ID 999 nicht gefunden
2024-10-02 19:10:51 [info]: This is an info message
2024-10-02 19:10:51 [warn]: This is a warning message
2024-10-02 19:10:51 [error]: This is an error message
2024-10-02 19:10:51 [info]: Datenbank wird initialisiert
2024-10-02 19:10:51 [info]: Server läuft auf http://localhost:5000
2024-10-02 19:10:51 [info]: Tabelle todos erfolgreich erstellt
2024-10-02 19:10:51 [info]: Testdaten erfolgreich eingefügt
2024-10-02 19:10:56 [info]: This is an info message
2024-10-02 19:10:56 [warn]: This is a warning message
2024-10-02 19:10:56 [error]: This is an error message
2024-10-02 19:10:56 [info]: Datenbank wird initialisiert
2024-10-02 19:10:57 [info]: Incoming request: GET /todos
2024-10-02 19:10:57 [info]: Tabelle todos erfolgreich erstellt
2024-10-02 19:10:57 [info]: Testdaten erfolgreich eingefügt
2024-10-02 19:10:57 [info]: Todos erfolgreich abgerufen
2024-10-02 19:10:57 [info]: Incoming request: GET /todos/999
2024-10-02 19:10:57 [info]: Incoming request: POST /todos
2024-10-02 19:10:57 [info]: Neues Todo erfolgreich erstellt
2024-10-02 19:10:57 [info]: Incoming request: POST /todos
2024-10-02 19:10:57 [warn]: Versuch, ein Todo ohne Text zu erstellen
2024-10-02 19:10:57 [info]: Incoming request: PUT /todos/1
2024-10-02 19:10:57 [info]: Todo mit ID 1 erfolgreich aktualisiert
2024-10-02 19:10:57 [info]: Incoming request: DELETE /todos/1
2024-10-02 19:10:57 [info]: Todo mit ID 1 erfolgreich gelöscht
2024-10-02 19:10:57 [info]: Incoming request: DELETE /todos/999
2024-10-02 19:10:57 [warn]: Todo mit ID 999 nicht gefunden
2024-10-02 19:11:23 [info]: This is an info message
2024-10-02 19:11:23 [warn]: This is a warning message
2024-10-02 19:11:23 [error]: This is an error message
2024-10-02 19:11:23 [info]: Datenbank wird initialisiert
2024-10-02 19:11:23 [info]: Server läuft auf http://localhost:5000
2024-10-02 19:11:23 [info]: Incoming request: GET /todos
2024-10-02 19:11:23 [info]: Tabelle todos erfolgreich erstellt
2024-10-02 19:11:23 [info]: Testdaten erfolgreich eingefügt
2024-10-02 19:11:23 [info]: Todos erfolgreich abgerufen
2024-10-02 19:11:23 [info]: Incoming request: GET /todos/999
2024-10-02 19:11:23 [info]: Incoming request: POST /todos
2024-10-02 19:11:23 [info]: Neues Todo erfolgreich erstellt
2024-10-02 19:11:23 [info]: Incoming request: POST /todos
2024-10-02 19:11:23 [warn]: Versuch, ein Todo ohne Text zu erstellen
2024-10-02 19:11:23 [info]: Incoming request: PUT /todos/1
2024-10-02 19:11:23 [info]: Todo mit ID 1 erfolgreich aktualisiert
2024-10-02 19:11:23 [info]: Incoming request: DELETE /todos/1
2024-10-02 19:11:23 [info]: Todo mit ID 1 erfolgreich gelöscht
2024-10-02 19:11:23 [info]: Incoming request: DELETE /todos/999
2024-10-02 19:11:23 [warn]: Todo mit ID 999 nicht gefunden
2024-10-02 19:11:35 [info]: This is an info message
2024-10-02 19:11:35 [warn]: This is a warning message
2024-10-02 19:11:35 [error]: This is an error message
2024-10-02 19:11:35 [info]: Datenbank wird initialisiert
2024-10-02 19:11:35 [info]: Server läuft auf http://localhost:5000
2024-10-02 19:11:35 [info]: Tabelle todos erfolgreich erstellt
2024-10-02 19:11:35 [info]: Testdaten erfolgreich eingefügt
2024-10-02 19:11:35 [info]: Incoming request: GET /todos
2024-10-02 19:11:35 [info]: Todos erfolgreich abgerufen
2024-10-02 19:11:35 [info]: Incoming request: GET /todos/999
2024-10-02 19:11:35 [info]: Incoming request: POST /todos
2024-10-02 19:11:35 [info]: Neues Todo erfolgreich erstellt
2024-10-02 19:11:35 [info]: Incoming request: POST /todos
2024-10-02 19:11:35 [warn]: Versuch, ein Todo ohne Text zu erstellen
2024-10-02 19:11:35 [info]: Incoming request: PUT /todos/1
2024-10-02 19:11:35 [info]: Todo mit ID 1 erfolgreich aktualisiert
2024-10-02 19:11:35 [info]: Incoming request: DELETE /todos/1
2024-10-02 19:11:35 [info]: Todo mit ID 1 erfolgreich gelöscht
2024-10-02 19:11:35 [info]: Incoming request: DELETE /todos/999
2024-10-02 19:11:35 [warn]: Todo mit ID 999 nicht gefunden
2024-10-02 19:12:11 [info]: This is an info message
2024-10-02 19:12:11 [warn]: This is a warning message
2024-10-02 19:12:11 [error]: This is an error message
2024-10-02 19:12:11 [info]: Datenbank wird initialisiert
2024-10-02 19:12:11 [info]: Server läuft auf http://localhost:5000
2024-10-02 19:12:11 [info]: Tabelle todos erfolgreich erstellt
2024-10-02 19:12:11 [info]: Testdaten erfolgreich eingefügt
2024-10-02 19:12:11 [info]: Incoming request: GET /todos
2024-10-02 19:12:11 [info]: Todos erfolgreich abgerufen
2024-10-02 19:12:11 [info]: Incoming request: GET /todos/1
2024-10-02 19:12:11 [info]: Incoming request: GET /todos/999
2024-10-02 19:12:11 [info]: Incoming request: POST /todos
2024-10-02 19:12:11 [info]: Neues Todo erfolgreich erstellt
2024-10-02 19:12:11 [info]: Incoming request: POST /todos
2024-10-02 19:12:11 [warn]: Versuch, ein Todo ohne Text zu erstellen
2024-10-02 19:12:11 [info]: Incoming request: PUT /todos/1
2024-10-02 19:12:11 [info]: Todo mit ID 1 erfolgreich aktualisiert
2024-10-02 19:12:11 [info]: Incoming request: DELETE /todos/1
2024-10-02 19:12:11 [info]: Todo mit ID 1 erfolgreich gelöscht
2024-10-02 19:12:11 [info]: Incoming request: DELETE /todos/999
2024-10-02 19:12:11 [warn]: Todo mit ID 999 nicht gefunden
2024-10-02 19:12:28 [info]: This is an info message
2024-10-02 19:12:28 [warn]: This is a warning message
2024-10-02 19:12:28 [error]: This is an error message
2024-10-02 19:12:28 [info]: Datenbank wird initialisiert
2024-10-02 19:12:28 [info]: Server läuft auf http://localhost:5000
2024-10-02 19:12:28 [info]: Tabelle todos erfolgreich erstellt
2024-10-02 19:12:28 [info]: Testdaten erfolgreich eingefügt
2024-10-02 19:12:28 [info]: Incoming request: GET /todos
2024-10-02 19:12:28 [info]: Todos erfolgreich abgerufen
2024-10-02 19:12:28 [info]: Incoming request: GET /todos/999
2024-10-02 19:12:28 [info]: Incoming request: POST /todos
2024-10-02 19:12:28 [info]: Neues Todo erfolgreich erstellt
2024-10-02 19:12:28 [info]: Incoming request: POST /todos
2024-10-02 19:12:28 [warn]: Versuch, ein Todo ohne Text zu erstellen
2024-10-02 19:12:28 [info]: Incoming request: PUT /todos/1
2024-10-02 19:12:28 [info]: Todo mit ID 1 erfolgreich aktualisiert
2024-10-02 19:12:28 [info]: Incoming request: DELETE /todos/1
2024-10-02 19:12:28 [info]: Todo mit ID 1 erfolgreich gelöscht
2024-10-02 19:12:28 [info]: Incoming request: DELETE /todos/999
2024-10-02 19:12:28 [warn]: Todo mit ID 999 nicht gefunden
2024-10-02 20:38:12 [info]: This is an info message
2024-10-02 20:38:12 [warn]: This is a warning message
2024-10-02 20:38:12 [error]: This is an error message
2024-10-02 20:38:12 [info]: Datenbank wird initialisiert
2024-10-02 20:38:12 [info]: Server läuft auf http://localhost:5000
2024-10-02 20:38:12 [info]: Tabelle todos erfolgreich erstellt
2024-10-02 20:38:12 [info]: Testdaten erfolgreich eingefügt
2024-10-02 20:38:12 [info]: Incoming request: GET /todos
2024-10-02 20:38:12 [info]: Todos erfolgreich abgerufen
2024-10-02 20:38:12 [info]: Incoming request: GET /todos/999
2024-10-02 20:38:12 [info]: Incoming request: POST /todos
2024-10-02 20:38:12 [info]: Neues Todo erfolgreich erstellt
2024-10-02 20:38:12 [info]: Incoming request: POST /todos
2024-10-02 20:38:12 [warn]: Versuch, ein Todo ohne Text zu erstellen
2024-10-02 20:38:12 [info]: Incoming request: PUT /todos/1
2024-10-02 20:38:12 [info]: Todo mit ID 1 erfolgreich aktualisiert
2024-10-02 20:38:12 [info]: Incoming request: DELETE /todos/1
2024-10-02 20:38:12 [info]: Todo mit ID 1 erfolgreich gelöscht
2024-10-02 20:38:12 [info]: Incoming request: DELETE /todos/999
2024-10-02 20:38:12 [warn]: Todo mit ID 999 nicht gefunden
2024-10-02 20:38:13 [info]: Incoming request: GET /todos
2024-10-02 20:38:13 [info]: Todos erfolgreich abgerufen
2024-10-02 20:38:13 [info]: Incoming request: GET /todos
2024-10-02 20:38:13 [info]: Todos erfolgreich abgerufen
2024-10-02 20:40:25 [info]: This is an info message
2024-10-02 20:40:25 [warn]: This is a warning message
2024-10-02 20:40:25 [error]: This is an error message
2024-10-02 20:40:25 [info]: Datenbank wird initialisiert
2024-10-02 20:40:25 [info]: Server läuft auf http://localhost:5000
2024-10-02 20:40:25 [info]: Tabelle todos erfolgreich erstellt
2024-10-02 20:40:25 [info]: Testdaten erfolgreich eingefügt
2024-10-02 20:40:25 [info]: Incoming request: GET /todos
2024-10-02 20:40:26 [info]: Todos erfolgreich abgerufen
2024-10-02 20:40:26 [info]: Incoming request: GET /todos/999
2024-10-02 20:40:26 [info]: Incoming request: POST /todos
2024-10-02 20:40:26 [info]: Neues Todo erfolgreich erstellt
2024-10-02 20:40:26 [info]: Incoming request: POST /todos
2024-10-02 20:40:26 [warn]: Versuch, ein Todo ohne Text zu erstellen
2024-10-02 20:40:26 [info]: Incoming request: PUT /todos/1
2024-10-02 20:40:26 [info]: Todo mit ID 1 erfolgreich aktualisiert
2024-10-02 20:40:26 [info]: Incoming request: DELETE /todos/1
2024-10-02 20:40:26 [info]: Todo mit ID 1 erfolgreich gelöscht
2024-10-02 20:40:26 [info]: Incoming request: DELETE /todos/999
2024-10-02 20:40:26 [warn]: Todo mit ID 999 nicht gefunden
2024-10-02 20:40:31 [info]: This is an info message
2024-10-02 20:40:31 [warn]: This is a warning message
2024-10-02 20:40:31 [error]: This is an error message
2024-10-02 20:40:31 [info]: Datenbank wird initialisiert
2024-10-02 20:40:31 [info]: Server läuft auf http://localhost:5000
2024-10-02 20:40:31 [info]: Tabelle todos erfolgreich erstellt
2024-10-02 20:40:31 [info]: Testdaten erfolgreich eingefügt
2024-10-02 20:40:33 [info]: Incoming request: GET /todos
2024-10-02 20:40:33 [info]: Todos erfolgreich abgerufen
2024-10-02 20:40:33 [info]: Incoming request: GET /todos
2024-10-02 20:40:33 [info]: Todos erfolgreich abgerufen
2024-10-02 20:40:42 [info]: Incoming request: PUT /todos/1
2024-10-02 20:40:42 [info]: Todo mit ID 1 erfolgreich aktualisiert
2024-10-02 20:40:42 [info]: Incoming request: GET /todos
2024-10-02 20:40:42 [info]: Todos erfolgreich abgerufen
2024-10-02 20:40:43 [info]: Incoming request: PUT /todos/1
2024-10-02 20:40:43 [info]: Todo mit ID 1 erfolgreich aktualisiert
2024-10-02 20:40:43 [info]: Incoming request: GET /todos
2024-10-02 20:40:43 [info]: Todos erfolgreich abgerufen
2024-10-02 20:40:58 [info]: Incoming request: GET /todos
2024-10-02 20:40:58 [info]: Todos erfolgreich abgerufen
2024-10-02 20:40:58 [info]: Incoming request: GET /todos
2024-10-02 20:40:58 [info]: Todos erfolgreich abgerufen
2024-10-02 20:41:22 [info]: Incoming request: GET /todos
2024-10-02 20:41:22 [info]: Todos erfolgreich abgerufen
2024-10-02 20:41:22 [info]: Incoming request: GET /todos
2024-10-02 20:41:22 [info]: Todos erfolgreich abgerufen
2024-10-02 20:43:05 [info]: Incoming request: GET /todos
2024-10-02 20:43:05 [info]: Todos erfolgreich abgerufen
2024-10-02 20:43:05 [info]: Incoming request: GET /todos
2024-10-02 20:43:05 [info]: Todos erfolgreich abgerufen
2024-10-02 20:44:04 [info]: Incoming request: GET /todos
2024-10-02 20:44:04 [info]: Todos erfolgreich abgerufen
2024-10-02 20:44:04 [info]: Incoming request: GET /todos
2024-10-02 20:44:04 [info]: Todos erfolgreich abgerufen
2024-10-02 20:44:25 [info]: Incoming request: GET /todos
2024-10-02 20:44:25 [info]: Todos erfolgreich abgerufen
2024-10-02 20:44:25 [info]: Incoming request: GET /todos
2024-10-02 20:44:25 [info]: Todos erfolgreich abgerufen
2024-10-02 20:48:13 [info]: Incoming request: PUT /todos/1
2024-10-02 20:48:13 [info]: Todo mit ID 1 erfolgreich aktualisiert
2024-10-02 20:48:13 [info]: Incoming request: GET /todos
2024-10-02 20:48:13 [info]: Todos erfolgreich abgerufen
2024-10-02 20:48:36 [info]: Incoming request: GET /todos
2024-10-02 20:48:36 [info]: Todos erfolgreich abgerufen
2024-10-02 20:48:36 [info]: Incoming request: GET /todos
2024-10-02 20:48:36 [info]: Todos erfolgreich abgerufen
2024-10-02 20:48:53 [info]: Incoming request: GET /todos
2024-10-02 20:48:53 [info]: Todos erfolgreich abgerufen
2024-10-02 20:48:53 [info]: Incoming request: GET /todos
2024-10-02 20:48:53 [info]: Todos erfolgreich abgerufen
